0 info it worked if it ends with ok
1 verbose cli [ 'node', '/usr/local/bin/npm', 'start' ]
2 info using npm@3.10.8
3 info using node@v0.10.34
4 verbose run-script [ 'prestart', 'start', 'poststart' ]
5 info lifecycle appengine-datastore@0.0.1~prestart: appengine-datastore@0.0.1
6 silly lifecycle appengine-datastore@0.0.1~prestart: no script for prestart, continuing
7 info lifecycle appengine-datastore@0.0.1~start: appengine-datastore@0.0.1
8 verbose lifecycle appengine-datastore@0.0.1~start: unsafe-perm in lifecycle true
9 verbose lifecycle appengine-datastore@0.0.1~start: PATH: /usr/local/lib/node_modules/npm/bin/node-gyp-bin:/Users/nhutth/Documents/MyWorkspace/sateraito/SateraitoChat/node_modules/.bin:/Users/nhutth/google-cloud-sdk/bin:/Users/nhutth/.rvm/gems/jruby-1.7.4/bin:/Users/nhutth/.rvm/gems/jruby-1.7.4@global/bin:/Users/nhutth/.rvm/rubies/jruby-1.7.4/bin:/Users/nhutth/.rvm/bin:/Users/nhutth/.rvm/bin:/usr/local/bin:/usr/bin:/bin:/usr/sbin:/sbin:/usr/local/bin
10 verbose lifecycle appengine-datastore@0.0.1~start: CWD: /Users/nhutth/Documents/MyWorkspace/sateraito/SateraitoChat
11 silly lifecycle appengine-datastore@0.0.1~start: Args: [ '-c', 'node app.js' ]
12 silly lifecycle appengine-datastore@0.0.1~start: Returned: code: 8  signal: null
13 info lifecycle appengine-datastore@0.0.1~start: Failed to exec start script
14 verbose stack Error: appengine-datastore@0.0.1 start: `node app.js`
14 verbose stack Exit status 8
14 verbose stack     at EventEmitter.<anonymous> (/usr/local/lib/node_modules/npm/lib/utils/lifecycle.js:255:16)
14 verbose stack     at EventEmitter.emit (events.js:98:17)
14 verbose stack     at ChildProcess.<anonymous> (/usr/local/lib/node_modules/npm/lib/utils/spawn.js:40:14)
14 verbose stack     at ChildProcess.emit (events.js:98:17)
14 verbose stack     at maybeClose (child_process.js:766:16)
14 verbose stack     at Process.ChildProcess._handle.onexit (child_process.js:833:5)
15 verbose pkgid appengine-datastore@0.0.1
16 verbose cwd /Users/nhutth/Documents/MyWorkspace/sateraito/SateraitoChat
17 error Darwin 15.6.0
18 error argv "node" "/usr/local/bin/npm" "start"
19 error node v0.10.34
20 error npm  v3.10.8
21 error code ELIFECYCLE
22 error appengine-datastore@0.0.1 start: `node app.js`
22 error Exit status 8
23 error Failed at the appengine-datastore@0.0.1 start script 'node app.js'.
23 error Make sure you have the latest version of node.js and npm installed.
23 error If you do, this is most likely a problem with the appengine-datastore package,
23 error not with npm itself.
23 error Tell the author that this fails on your system:
23 error     node app.js
23 error You can get information on how to open an issue for this project with:
23 error     npm bugs appengine-datastore
23 error Or if that isn't available, you can get their info via:
23 error     npm owner ls appengine-datastore
23 error There is likely additional logging output above.
24 verbose exit [ 1, true ]
